1
D: 2748 * * 4006 * 4595 * 1272 * 3917 * * * * * * * 968 3476 2434 * 1432 * * * 1648 3602 3994 2930 118 2305 * * * * * 0 * 2954 * 
P: 37 37 37 37 37 37 37 37 37 37 37 37 37 37 37 37 37 37 37 37 37 37 37 37 37 37 37 37 37 37 37 37 37 37 37 37 37 37 37 37 
2
D: 2748 * 449 4006 887 3451 2972 1272 * 3917 3080 * * * * 543 * 968 3476 2434 1653 1432 2562 * 3208 1648 3602 3994 2930 118 2305 1349 * * * * 0 * 2954 2837 
P: 37 37 30 37 30 30 30 37 37 37 30 37 37 37 37 30 37 37 37 37 30 37 30 37 30 37 37 37 37 37 37 30 37 37 37 37 37 37 37 30 
3
D: 1695 * 449 853 887 3451 2972 1272 1932 3917 3080 3179 3465 2619 * 543 2033 968 3476 2434 1653 1432 1423 1327 3208 1648 698 2509 2930 118 2305 1349 2230 1922 2067 * 0 * 2954 2837 
P: 3 37 30 3 30 30 30 37 3 37 30 3 3 3 37 30 3 37 37 37 30 37 3 3 30 37 3 3 37 37 37 30 3 3 3 37 37 37 37 30 
4
D: 1695 * 449 853 887 1410 2972 1272 1754 3917 3080 3179 3465 2619 4390 543 2033 968 3476 2434 1653 1432 971 1327 3208 1648 698 2509 2930 118 2305 1047 2230 1922 2067 * 0 * 2954 2837 
P: 3 37 30 3 30 16 30 37 16 37 30 3 3 3 16 30 3 37 37 37 30 37 16 3 30 37 3 3 37 37 37 16 3 3 3 37 37 37 37 30 
5
D: 1695 3803 449 853 887 1410 2972 1272 1754 2772 3080 3179 3465 2619 4390 543 2033 968 3476 2434 1653 1432 971 1327 3208 1648 698 2337 917 118 2305 1047 2091 1922 2067 * 0 * 2954 2837 
P: 3 27 30 3 30 16 30 37 16 27 30 3 3 3 16 30 3 37 37 37 30 37 16 3 30 37 3 27 27 37 37 16 27 3 3 37 37 37 37 30 
6
D: 1087 3803 449 853 887 1410 2972 1272 1754 2772 3080 3179 3465 2619 2891 543 2033 968 3476 2434 1653 1432 971 1327 3168 1648 698 2337 917 118 2305 1047 2091 1922 2067 * 0 902 2513 1765 
P: 4 27 30 3 30 16 30 37 16 27 30 3 3 3 4 30 3 37 37 37 30 37 16 3 4 37 3 27 27 37 37 16 27 3 3 37 37 4 4 4 
7
D: 1087 962 449 853 887 1410 2432 1272 1754 2772 3080 3179 3465 2619 2891 543 2033 968 3476 2434 1653 1432 971 1327 2739 1648 698 1254 917 118 2305 1047 2091 1922 2067 4092 0 902 2513 1277 
P: 4 5 30 3 30 16 5 37 16 27 30 3 3 3 4 30 3 37 37 37 30 37 16 3 5 37 3 5 27 37 37 16 27 3 3 5 37 4 4 5 
8
D: 1087 962 449 853 887 1410 2432 1272 1754 2772 3080 2042 3465 2619 2891 543 2033 968 3476 2434 1653 1432 971 1327 2739 1648 698 1254 917 118 2305 1047 2091 1922 2067 4092 0 902 2513 1125 
P: 4 5 30 3 30 16 5 37 16 27 30 38 3 3 4 30 3 37 37 37 30 37 16 3 5 37 3 5 27 37 37 16 27 3 3 5 37 4 4 38 
9
D: 1087 962 449 853 887 1410 2432 1272 1754 2772 3080 2042 3027 2619 2891 543 2033 968 3476 2434 1653 1432 971 1327 1269 1648 698 1254 917 118 2305 1047 2091 1922 2067 4092 0 902 2513 1125 
P: 4 5 30 3 30 16 5 37 16 27 30 38 29 3 4 30 3 37 37 37 30 37 16 3 29 37 3 5 27 37 37 16 27 3 3 5 37 4 4 38 
10
D: 1087 962 449 853 887 1410 2432 1272 1754 2772 3080 2042 2358 2619 2891 543 2033 968 2869 2434 1653 1432 971 1327 1269 1648 698 1254 917 118 2305 1047 2091 1922 2067 4092 0 902 2513 1125 
P: 4 5 30 3 30 16 5 37 16 27 30 38 2 3 4 30 3 37 2 37 30 37 16 3 29 37 3 5 27 37 37 16 27 3 3 5 37 4 4 38 
11
D: 1087 962 449 853 887 1410 2432 1272 1754 2772 3080 2042 2358 2619 2767 543 2033 968 2869 2434 1653 1432 971 1327 1269 1648 698 1254 917 118 2305 1047 2091 1922 2067 4092 0 902 2513 1125 
P: 4 5 30 3 30 16 5 37 16 27 30 38 2 3 18 30 3 37 2 37 30 37 16 3 29 37 3 5 27 37 37 16 27 3 3 5 37 4 4 38 
12
D: 1087 962 449 853 887 1409 2432 1272 1425 2772 3080 2042 2358 2619 2767 543 2033 968 2869 2434 1078 1432 971 1327 1269 1648 698 1254 917 118 2087 1047 2091 1922 2067 4092 0 902 2513 1125 
P: 4 5 30 3 30 23 5 37 23 27 30 38 2 3 18 30 3 37 2 37 23 37 16 3 29 37 3 5 27 37 23 16 27 3 3 5 37 4 4 38 
13
D: 1087 962 449 853 887 1409 2432 1081 1425 2772 3080 2042 2358 2619 2125 543 2033 968 2869 2434 1078 1432 971 1327 1269 1568 698 1254 917 118 2087 1047 2091 1922 2067 4092 0 902 2513 1125 
P: 4 5 30 3 30 23 5 32 23 27 30 38 2 3 32 30 3 37 2 37 23 37 16 3 29 32 3 5 27 37 23 16 27 3 3 5 37 4 4 38 
14
D: 1087 962 449 853 887 1409 2432 1081 1425 2466 3080 2042 2358 2619 2125 543 2033 968 2869 2434 1078 1432 971 1327 1269 1568 698 1254 917 118 2087 1047 2091 1922 2067 4092 0 902 2513 1125 
P: 4 5 30 3 30 23 5 32 23 21 30 38 2 3 32 30 3 37 2 37 23 37 16 3 29 32 3 5 27 37 23 16 27 3 3 5 37 4 4 38 
15
D: 1087 962 449 853 887 1282 2432 1081 1425 2466 3080 2042 1219 2619 2125 543 2033 968 2869 2434 1078 1432 971 1327 1269 1568 698 1254 917 118 2087 1047 2091 1922 2067 4092 0 902 2513 1125 
P: 4 5 30 3 30 8 5 32 23 21 30 38 8 3 32 30 3 37 2 37 23 37 16 3 29 32 3 5 27 37 23 16 27 3 3 5 37 4 4 38 
16
D: 1087 962 449 853 887 1282 2432 1081 1425 2466 1238 2042 1219 2619 2125 543 1612 968 2869 2434 1078 1432 971 1327 1269 1336 698 1254 917 118 2087 1047 2091 1922 2067 3036 0 902 2513 1125 
P: 4 5 30 3 30 8 5 32 23 21 1 38 8 3 32 30 1 37 2 37 23 37 16 3 29 1 3 5 27 37 23 16 27 3 3 1 37 4 4 38 
17
D: 1087 962 449 853 887 1282 2432 1081 1425 2466 1238 2042 1219 2619 2125 543 1612 968 2869 2434 1078 1432 971 1327 1269 1336 698 1254 917 118 2087 1047 2091 1922 2067 3036 0 902 2513 1125 
P: 4 5 30 3 30 8 5 32 23 21 1 38 8 3 32 30 1 37 2 37 23 37 16 3 29 1 3 5 27 37 23 16 27 3 3 1 37 4 4 38 
18
D: 1087 962 449 853 887 1282 2432 1081 1425 1951 1238 2042 1219 1520 2125 543 1612 968 2869 1828 1078 1432 971 1327 1269 1336 698 1254 917 118 2087 1047 2091 1922 2067 3036 0 902 2513 1125 
P: 4 5 30 3 30 8 5 32 23 11 1 38 8 11 32 30 1 37 2 11 23 37 16 3 29 1 3 5 27 37 23 16 27 3 3 1 37 4 4 38 
19
D: 1087 962 449 853 887 1282 2432 1081 1425 1951 1238 2042 1219 1520 2125 543 1612 968 2869 1828 1078 1432 971 1327 1269 1336 698 1254 917 118 2087 1047 2091 1922 2067 3036 0 902 2513 1125 
P: 4 5 30 3 30 8 5 32 23 11 1 38 8 11 32 30 1 37 2 11 23 37 16 3 29 1 3 5 27 37 23 16 27 3 3 1 37 4 4 38 
20
D: 1087 962 449 853 887 1282 2432 1081 1425 1951 1238 2042 1219 1520 2125 543 1612 968 2869 1828 1078 1432 971 1327 1269 1336 698 1254 917 118 2087 1047 2091 1922 2067 3036 0 902 2513 1125 
P: 4 5 30 3 30 8 5 32 23 11 1 38 8 11 32 30 1 37 2 11 23 37 16 3 29 1 3 5 27 37 23 16 27 3 3 1 37 4 4 38 
21
D: 1087 962 449 853 887 1282 2432 1081 1425 1951 1238 2042 1219 1328 2125 543 1612 968 2869 1828 1078 1432 971 1327 1269 1336 698 1254 917 118 2087 1047 2091 1922 1793 3036 0 902 1334 1125 
P: 4 5 30 3 30 8 5 32 23 11 1 38 8 6 32 30 1 37 2 11 23 37 16 3 29 1 3 5 27 37 23 16 27 3 6 1 37 4 6 38 
22
D: 1087 962 449 853 887 1282 2432 1081 1425 1951 1238 2042 1219 1328 2125 543 1612 968 1430 1498 1078 1432 971 1327 1269 1336 698 1254 917 118 2087 1047 2091 1922 1793 3036 0 902 1334 1125 
P: 4 5 30 3 30 8 5 32 23 11 1 38 8 6 32 30 1 37 24 24 23 37 16 3 29 1 3 5 27 37 23 16 27 3 6 1 37 4 6 38 
23
D: 1087 962 449 853 887 1282 2432 1081 1425 1951 1238 1822 1219 1328 2125 543 1612 968 1430 1498 1078 1432 971 1327 1269 1336 698 1254 917 118 2087 1047 2091 1922 1793 3036 0 902 1334 1125 
P: 4 5 30 3 30 8 5 32 23 11 1 14 8 6 32 30 1 37 24 24 23 37 16 3 29 1 3 5 27 37 23 16 27 3 6 1 37 4 6 38 
24
D: 1087 962 449 853 887 1282 2432 1081 1425 1951 1238 1635 1219 1328 2125 543 1612 968 1430 1498 1078 1432 971 1327 1269 1336 698 1254 917 118 2087 1047 2091 1922 1793 3036 0 902 1334 1125 
P: 4 5 30 3 30 8 5 32 23 11 1 39 8 6 32 30 1 37 24 24 23 37 16 3 29 1 3 5 27 37 23 16 27 3 6 1 37 4 6 38 
25
D: 1087 962 449 853 887 1282 2432 1081 1425 1951 1238 1635 1219 1328 2125 543 1612 968 1430 1498 1078 1432 971 1327 1269 1336 698 1254 917 118 2087 1047 2091 1922 1793 3036 0 902 1334 1125 
P: 4 5 30 3 30 8 5 32 23 11 1 39 8 6 32 30 1 37 24 24 23 37 16 3 29 1 3 5 27 37 23 16 27 3 6 1 37 4 6 38 
26
D: 1087 962 449 853 887 1282 2432 1081 1425 1951 1238 1635 1219 1328 2125 543 1612 968 1430 1498 1078 1432 971 1327 1269 1336 698 1254 917 118 2087 1047 2091 1922 1793 2574 0 902 1334 1125 
P: 4 5 30 3 30 8 5 32 23 11 1 39 8 6 32 30 1 37 24 24 23 37 16 3 29 1 3 5 27 37 23 16 27 3 6 9 37 4 6 38 
27
D: 1087 962 449 853 887 1282 2432 1081 1425 1951 1238 1635 1219 1328 2125 543 1612 968 1430 1498 1078 1432 971 1327 1269 1336 698 1254 917 118 1789 1047 1617 1922 1793 2405 0 902 1334 1125 
P: 4 5 30 3 30 8 5 32 23 11 1 39 8 6 32 30 1 37 24 24 23 37 16 3 29 1 3 5 27 37 19 16 19 3 6 19 37 4 6 38 
28
D: 1087 962 449 853 887 1282 2432 1081 1425 1951 1238 1635 1219 1328 2125 543 1612 968 1430 1498 1078 1432 971 1327 1269 1336 698 1254 917 118 1789 1047 1617 1922 1444 2029 0 902 1334 1125 
P: 4 5 30 3 30 8 5 32 23 11 1 39 8 6 32 30 1 37 24 24 23 37 16 3 29 1 3 5 27 37 19 16 19 3 22 22 37 4 6 38 
29
D: 1087 962 449 853 887 1282 1881 1081 1425 1951 1238 1635 1219 1328 2125 543 1612 968 1430 1498 1078 1432 971 1327 1269 1336 698 1254 917 118 1789 1047 1617 1922 1444 2029 0 902 1334 1125 
P: 4 5 30 3 30 8 35 32 23 11 1 39 8 6 32 30 1 37 24 24 23 37 16 3 29 1 3 5 27 37 19 16 19 3 22 22 37 4 6 38 
30
D: 1087 962 449 853 887 1282 1881 1081 1425 1951 1238 1635 1219 1328 2125 543 1612 968 1430 1498 1078 1432 971 1327 1269 1336 698 1254 917 118 1789 1047 1617 1922 1444 2029 0 902 1334 1125 
P: 4 5 30 3 30 8 35 32 23 11 1 39 8 6 32 30 1 37 24 24 23 37 16 3 29 1 3 5 27 37 19 16 19 3 22 22 37 4 6 38 
31
D: 1087 962 449 853 887 1282 1662 1081 1425 1951 1238 1635 1219 1328 2125 543 1612 968 1430 1498 1078 1432 971 1327 1269 1336 698 1254 917 118 1789 1047 1617 1922 1444 2029 0 902 1334 1125 
P: 4 5 30 3 30 8 17 32 23 11 1 39 8 6 32 30 1 37 24 24 23 37 16 3 29 1 3 5 27 37 19 16 19 3 22 22 37 4 6 38 
32
D: 1087 962 449 853 887 1282 1662 1081 1425 1951 1238 1635 1219 1328 2125 543 1612 968 1430 1498 1078 1432 971 1327 1269 1336 698 1254 917 118 1789 1047 1617 1922 1444 2029 0 902 1334 1125 
P: 4 5 30 3 30 8 17 32 23 11 1 39 8 6 32 30 1 37 24 24 23 37 16 3 29 1 3 5 27 37 19 16 19 3 22 22 37 4 6 38 
33
D: 1087 962 449 853 887 1282 1662 1081 1425 1951 1238 1635 1219 1328 2125 543 1612 968 1430 1498 1078 1432 971 1327 1269 1336 698 1254 917 118 1789 1047 1617 1922 1444 2029 0 902 1334 1125 
P: 4 5 30 3 30 8 17 32 23 11 1 39 8 6 32 30 1 37 24 24 23 37 16 3 29 1 3 5 27 37 19 16 19 3 22 22 37 4 6 38 
34
D: 1087 962 449 853 887 1282 1662 1081 1425 1951 1238 1635 1219 1328 2125 543 1612 968 1430 1498 1078 1432 971 1327 1269 1336 698 1254 917 118 1789 1047 1617 1922 1444 2029 0 902 1334 1125 
P: 4 5 30 3 30 8 17 32 23 11 1 39 8 6 32 30 1 37 24 24 23 37 16 3 29 1 3 5 27 37 19 16 19 3 22 22 37 4 6 38 
35
D: 1087 962 449 853 887 1282 1662 1081 1425 1951 1238 1635 1219 1328 2125 543 1612 968 1430 1498 1078 1432 971 1327 1269 1336 698 1254 917 118 1789 1047 1617 1922 1444 2029 0 902 1334 1125 
P: 4 5 30 3 30 8 17 32 23 11 1 39 8 6 32 30 1 37 24 24 23 37 16 3 29 1 3 5 27 37 19 16 19 3 22 22 37 4 6 38 
36
D: 1087 962 449 853 887 1282 1662 1081 1425 1951 1238 1635 1219 1328 2125 543 1612 968 1430 1498 1078 1432 971 1327 1269 1336 698 1254 917 118 1789 1047 1617 1922 1444 2029 0 902 1334 1125 
P: 4 5 30 3 30 8 17 32 23 11 1 39 8 6 32 30 1 37 24 24 23 37 16 3 29 1 3 5 27 37 19 16 19 3 22 22 37 4 6 38 
37
D: 1087 962 449 853 887 1282 1662 1081 1425 1951 1238 1635 1219 1328 2125 543 1612 968 1430 1498 1078 1432 971 1327 1269 1336 698 1254 917 118 1789 1047 1617 1922 1444 2029 0 902 1334 1125 
P: 4 5 30 3 30 8 17 32 23 11 1 39 8 6 32 30 1 37 24 24 23 37 16 3 29 1 3 5 27 37 19 16 19 3 22 22 37 4 6 38 
38
D: 1087 962 449 853 887 1282 1662 1081 1425 1951 1238 1635 1219 1328 2125 543 1612 968 1430 1498 1078 1432 971 1327 1269 1336 698 1254 917 118 1789 1047 1617 1922 1444 2029 0 902 1334 1125 
P: 4 5 30 3 30 8 17 32 23 11 1 39 8 6 32 30 1 37 24 24 23 37 16 3 29 1 3 5 27 37 19 16 19 3 22 22 37 4 6 38 
39
D: 1087 962 449 853 887 1282 1662 1081 1425 1951 1238 1635 1219 1328 2125 543 1612 968 1430 1498 1078 1432 971 1327 1269 1336 698 1254 917 118 1789 1047 1617 1922 1444 2029 0 902 1334 1125 
P: 4 5 30 3 30 8 17 32 23 11 1 39 8 6 32 30 1 37 24 24 23 37 16 3 29 1 3 5 27 37 19 16 19 3 22 22 37 4 6 38 
