1
D: 3763 4870 3186 * * * * * * 3706 3783 * * * * 3933 1840 1131 2692 27 * * 2415 * 3792 2018 394 * 3198 * * 1054 * 3152 * 4369 0 1268 2045 * 
P: 37 37 37 37 37 37 37 37 37 37 37 37 37 37 37 37 37 37 37 37 37 37 37 37 37 37 37 37 37 37 37 37 37 37 37 37 37 37 37 37 
2
D: 3763 3092 3186 * * * 3003 3670 * 1791 3783 * 841 * * 1528 1840 1131 2692 27 * 1378 2415 * 3792 2018 394 * 3198 4842 * 1054 * 3152 846 4369 0 1268 2045 * 
P: 37 20 37 37 37 37 20 20 37 20 37 37 20 37 37 20 37 37 37 37 37 20 37 37 37 37 37 37 37 20 37 37 37 37 20 37 37 37 37 37 
3
D: 3763 3092 3186 * * * 1955 2873 * 1791 3783 * 841 * * 1528 1840 643 2692 27 1778 1378 2415 * 3792 2018 394 1993 1784 1445 4878 1054 1400 1782 846 4369 0 1268 2045 * 
P: 37 20 37 37 37 37 27 27 37 20 37 37 20 37 37 20 37 27 37 37 27 20 37 37 37 37 37 27 27 27 27 37 27 27 20 37 37 37 37 37 
4
D: 3763 3092 2041 4515 * * 1955 2873 4287 1791 2170 * 841 * 3959 1528 1840 643 2692 27 1778 1378 2415 * 3792 2018 394 1993 1784 1445 4878 1054 1400 1729 846 4369 0 1268 2045 * 
P: 37 20 18 18 37 37 27 27 18 20 18 37 20 37 18 20 37 27 37 37 27 20 37 37 37 37 37 27 27 27 27 37 27 18 20 37 37 37 37 37 
5
D: 3763 3092 1553 1816 * 2945 1955 2873 3919 1791 2170 * 841 * 3959 1528 1840 643 2692 27 1778 1378 2205 * 2405 2018 394 1993 1784 1445 4878 1054 1400 1729 846 4369 0 1268 2045 3792 
P: 37 20 13 13 37 13 27 27 13 20 18 37 20 37 18 20 37 27 37 37 27 20 13 37 13 37 37 27 27 27 27 37 27 18 20 37 37 37 37 13 
6
D: 2575 3092 1553 1816 * 2945 1955 2873 3919 1791 2170 3366 841 1003 2500 1528 1840 643 2692 27 1778 1378 2205 3439 2405 2018 394 1993 1784 1445 2903 1054 1400 1729 846 4369 0 1268 2045 3792 
P: 35 20 13 13 37 13 27 27 13 20 18 35 20 35 35 20 37 27 37 37 27 20 13 35 13 37 37 27 27 27 35 37 27 18 20 37 37 37 37 13 
7
D: 2575 3092 1553 1384 1873 2945 1955 2873 3919 1791 2170 3366 841 1003 2326 1024 1840 643 2692 27 1778 1378 2205 3439 2405 2018 394 1414 1784 1445 2903 1054 1400 1729 846 4369 0 1268 2045 3792 
P: 35 20 13 14 14 13 27 27 13 20 18 35 20 35 14 14 37 27 37 37 27 20 13 35 13 37 37 14 27 27 35 37 27 18 20 37 37 37 37 13 
8
D: 2575 1057 1553 1384 1873 2945 1303 2873 2067 1791 2170 3366 841 1003 1394 1024 1840 643 2692 27 1778 1378 2205 2841 1698 2018 394 1414 1784 1445 2903 1054 1400 1729 846 4369 0 1268 1374 3792 
P: 35 16 13 14 14 13 16 27 16 20 18 35 20 35 16 14 37 27 37 37 27 20 13 16 16 37 37 14 27 27 35 37 27 18 20 37 37 37 16 13 
9
D: 2575 1057 1553 1384 1873 2945 1303 2873 2067 1791 2170 3366 841 1003 1394 1024 1840 643 2692 27 1778 1378 1066 1086 1461 2018 394 1414 1386 1445 2800 1054 1400 1729 846 4369 0 1268 1374 3792 
P: 35 16 13 14 14 13 16 27 16 20 18 35 20 35 16 14 37 27 37 37 27 20 32 32 32 37 37 14 32 27 32 37 27 18 20 37 37 37 16 13 
10
D: 2180 1057 1553 1384 1873 2945 1303 2873 2067 1791 2170 3366 841 1003 1394 1024 1840 643 2692 27 1778 1378 1066 1086 1461 2018 394 1414 1386 1445 2800 1054 1400 1729 846 4369 0 1268 1374 3367 
P: 2 16 13 14 14 13 16 27 16 20 18 35 20 35 16 14 37 27 37 37 27 20 32 32 32 37 37 14 32 27 32 37 27 18 20 37 37 37 16 2 
11
D: 2180 1057 1553 1384 1873 2945 1303 1395 2067 1791 2170 3366 841 1003 1394 1024 1840 643 2418 27 1778 1378 1066 1086 1461 2018 394 1414 1386 1445 2800 1054 1400 1729 846 4369 0 1268 1374 3367 
P: 2 16 13 14 14 13 16 23 16 20 18 35 20 35 16 14 37 27 23 37 27 20 32 32 32 37 37 14 32 27 32 37 27 18 20 37 37 37 16 2 
12
D: 2180 1057 1553 1384 1873 2945 1303 1395 2067 1791 2170 3366 841 1003 1394 1024 1331 643 2418 27 1778 1378 1066 1086 1461 2018 394 1414 1386 1445 2800 1054 1400 1729 846 4369 0 1268 1374 3367 
P: 2 16 13 14 14 13 16 23 16 20 18 35 20 35 16 14 24 27 23 37 27 20 32 32 32 37 37 14 32 27 32 37 27 18 20 37 37 37 16 2 
13
D: 2180 1057 1553 1384 1873 2945 1303 1395 2067 1791 2100 3366 841 1003 1394 1024 1331 643 2418 27 1778 1378 1066 1086 1461 2018 394 1414 1386 1445 2800 1054 1400 1729 846 1890 0 1268 1374 3275 
P: 2 16 13 14 14 13 16 23 16 20 38 35 20 35 16 14 24 27 23 37 27 20 32 32 32 37 37 14 32 27 32 37 27 18 20 38 37 37 16 38 
14
D: 2180 1057 1553 1384 1873 2945 1303 1395 2067 1791 2100 3366 841 1003 1394 1024 1331 643 2418 27 1778 1378 1066 1086 1461 2018 394 1414 1386 1445 2800 1054 1400 1729 846 1318 0 1268 1374 3275 
P: 2 16 13 14 14 13 16 23 16 20 38 35 20 35 16 14 24 27 23 37 27 20 32 32 32 37 37 14 32 27 32 37 27 18 20 7 37 37 16 38 
15
D: 2180 1057 1553 1384 1873 2825 1303 1395 2067 1791 2100 3035 841 1003 1394 1024 1331 643 2418 27 1778 1378 1066 1086 1461 2018 394 1414 1386 1445 2800 1054 1400 1729 846 1318 0 1268 1374 3275 
P: 2 16 13 14 14 36 16 23 16 20 38 36 20 35 16 14 24 27 23 37 27 20 32 32 32 37 37 14 32 27 32 37 27 18 20 7 37 37 16 38 
16
D: 2180 1057 1553 1384 1873 2825 1303 1395 2067 1791 2100 3035 841 1003 1394 1024 1331 643 2418 27 1778 1378 1066 1086 1461 2018 394 1414 1386 1445 2800 1054 1400 1729 846 1318 0 1268 1374 2360 
P: 2 16 13 14 14 36 16 23 16 20 38 36 20 35 16 14 24 27 23 37 27 20 32 32 32 37 37 14 32 27 32 37 27 18 20 7 37 37 16 17 
17
D: 2180 1057 1553 1384 1873 2825 1303 1395 2067 1791 2100 3035 841 1003 1394 1024 1331 643 2418 27 1778 1378 1066 1086 1461 2018 394 1414 1386 1445 2800 1054 1400 1729 846 1318 0 1268 1374 2360 
P: 2 16 13 14 14 36 16 23 16 20 38 36 20 35 16 14 24 27 23 37 27 20 32 32 32 37 37 14 32 27 32 37 27 18 20 7 37 37 16 17 
18
D: 1935 1057 1553 1384 1873 2825 1303 1395 2067 1791 2100 3035 841 1003 1394 1024 1331 643 2418 27 1778 1378 1066 1086 1461 2018 394 1414 1386 1445 2800 1054 1400 1729 846 1318 0 1268 1374 2360 
P: 22 16 13 14 14 36 16 23 16 20 38 36 20 35 16 14 24 27 23 37 27 20 32 32 32 37 37 14 32 27 32 37 27 18 20 7 37 37 16 17 
19
D: 1935 1057 1553 1384 1873 2825 1303 1395 2067 1791 1600 3035 841 1003 1394 1024 1331 643 2418 27 1778 1378 1066 1086 1461 2018 394 1414 1386 1445 2800 1054 1400 1729 846 1318 0 1268 1374 2360 
P: 22 16 13 14 14 36 16 23 16 20 4 36 20 35 16 14 24 27 23 37 27 20 32 32 32 37 37 14 32 27 32 37 27 18 20 7 37 37 16 17 
20
D: 1935 1057 1553 1384 1873 2825 1303 1395 2067 1668 1600 3035 841 1003 1394 1024 1331 643 2418 27 1778 1378 1066 1086 1461 1764 394 1414 1386 1445 2800 1054 1400 1729 846 1318 0 1268 1374 2360 
P: 22 16 13 14 14 36 16 23 16 29 4 36 20 35 16 14 24 27 23 37 27 20 32 32 32 29 37 14 32 27 32 37 27 18 20 7 37 37 16 17 
21
D: 1935 1057 1553 1384 1806 2825 1303 1395 2067 1668 1600 3035 841 1003 1394 1024 1331 643 1482 27 1778 1378 1066 1086 1461 1764 394 1414 1386 1445 2800 1054 1400 1729 846 1318 0 1268 1374 2360 
P: 22 16 13 14 15 36 16 23 16 29 4 36 20 35 16 14 24 27 15 37 27 20 32 32 32 29 37 14 32 27 32 37 27 18 20 7 37 37 16 17 
22
D: 1935 1057 1553 1384 1806 2825 1303 1395 2067 1668 1600 1870 841 1003 1394 1024 1331 643 1482 27 1778 1378 1066 1086 1461 1764 394 1414 1386 1413 2800 1054 1400 1729 846 1318 0 1268 1374 2360 
P: 22 16 13 14 15 36 16 23 16 29 4 8 20 35 16 14 24 27 15 37 27 20 32 32 32 29 37 14 32 8 32 37 27 18 20 7 37 37 16 17 
23
D: 1935 1057 1553 1384 1806 2825 1303 1395 2067 1668 1600 1870 841 1003 1394 1024 1331 643 1482 27 1778 1378 1066 1086 1461 1764 394 1414 1386 1413 1980 1054 1400 1729 846 1318 0 1268 1374 2360 
P: 22 16 13 14 15 36 16 23 16 29 4 8 20 35 16 14 24 27 15 37 27 20 32 32 32 29 37 14 32 8 33 37 27 18 20 7 37 37 16 17 
24
D: 1935 1057 1553 1384 1806 2179 1303 1395 2067 1668 1600 1870 841 1003 1394 1024 1331 643 1482 27 1778 1378 1066 1086 1461 1764 394 1414 1386 1413 1980 1054 1400 1729 846 1318 0 1268 1374 2157 
P: 22 16 13 14 15 30 16 23 16 29 4 8 20 35 16 14 24 27 15 37 27 20 32 32 32 29 37 14 32 8 33 37 27 18 20 7 37 37 16 30 
25
D: 1935 1057 1553 1384 1806 2179 1303 1395 2067 1668 1600 1870 841 1003 1394 1024 1331 643 1482 27 1778 1378 1066 1086 1461 1764 394 1414 1386 1413 1980 1054 1400 1729 846 1318 0 1268 1374 2157 
P: 22 16 13 14 15 30 16 23 16 29 4 8 20 35 16 14 24 27 15 37 27 20 32 32 32 29 37 14 32 8 33 37 27 18 20 7 37 37 16 30 
26
D: 1935 1057 1553 1384 1806 2179 1303 1395 2067 1668 1600 1870 841 1003 1394 1024 1331 643 1482 27 1778 1378 1066 1086 1461 1764 394 1414 1386 1413 1980 1054 1400 1729 846 1318 0 1268 1374 2157 
P: 22 16 13 14 15 30 16 23 16 29 4 8 20 35 16 14 24 27 15 37 27 20 32 32 32 29 37 14 32 8 33 37 27 18 20 7 37 37 16 30 
27
D: 1935 1057 1553 1384 1806 2179 1303 1395 2067 1668 1600 1870 841 1003 1394 1024 1331 643 1482 27 1778 1378 1066 1086 1461 1764 394 1414 1386 1413 1980 1054 1400 1729 846 1318 0 1268 1374 2157 
P: 22 16 13 14 15 30 16 23 16 29 4 8 20 35 16 14 24 27 15 37 27 20 32 32 32 29 37 14 32 8 33 37 27 18 20 7 37 37 16 30 
28
D: 1935 1057 1553 1384 1806 2179 1303 1395 2067 1668 1600 1870 841 1003 1394 1024 1331 643 1482 27 1778 1378 1066 1086 1461 1764 394 1414 1386 1413 1980 1054 1400 1648 846 1318 0 1268 1374 2157 
P: 22 16 13 14 15 30 16 23 16 29 4 8 20 35 16 14 24 27 15 37 27 20 32 32 32 29 37 14 32 8 33 37 27 3 20 7 37 37 16 30 
29
D: 1935 1057 1553 1384 1806 2179 1303 1395 2067 1668 1600 1870 841 1003 1394 1024 1331 643 1482 27 1778 1378 1066 1086 1461 1764 394 1414 1386 1413 1980 1054 1400 1648 846 1318 0 1268 1374 2157 
P: 22 16 13 14 15 30 16 23 16 29 4 8 20 35 16 14 24 27 15 37 27 20 32 32 32 29 37 14 32 8 33 37 27 3 20 7 37 37 16 30 
30
D: 1935 1057 1553 1384 1806 2179 1303 1395 2067 1668 1600 1870 841 1003 1394 1024 1331 643 1482 27 1778 1378 1066 1086 1461 1764 394 1414 1386 1413 1980 1054 1400 1648 846 1318 0 1268 1374 2157 
P: 22 16 13 14 15 30 16 23 16 29 4 8 20 35 16 14 24 27 15 37 27 20 32 32 32 29 37 14 32 8 33 37 27 3 20 7 37 37 16 30 
31
D: 1935 1057 1553 1384 1806 2179 1303 1395 2067 1668 1600 1870 841 1003 1394 1024 1331 643 1482 27 1778 1378 1066 1086 1461 1764 394 1414 1386 1413 1980 1054 1400 1648 846 1318 0 1268 1374 2157 
P: 22 16 13 14 15 30 16 23 16 29 4 8 20 35 16 14 24 27 15 37 27 20 32 32 32 29 37 14 32 8 33 37 27 3 20 7 37 37 16 30 
32
D: 1935 1057 1553 1384 1806 2179 1303 1395 2067 1668 1600 1870 841 1003 1394 1024 1331 643 1482 27 1778 1378 1066 1086 1461 1764 394 1414 1386 1413 1980 1054 1400 1648 846 1318 0 1268 1374 2157 
P: 22 16 13 14 15 30 16 23 16 29 4 8 20 35 16 14 24 27 15 37 27 20 32 32 32 29 37 14 32 8 33 37 27 3 20 7 37 37 16 30 
33
D: 1935 1057 1553 1384 1806 2179 1303 1395 2067 1668 1600 1870 841 1003 1394 1024 1331 643 1482 27 1778 1378 1066 1086 1461 1764 394 1414 1386 1413 1980 1054 1400 1648 846 1318 0 1268 1374 2157 
P: 22 16 13 14 15 30 16 23 16 29 4 8 20 35 16 14 24 27 15 37 27 20 32 32 32 29 37 14 32 8 33 37 27 3 20 7 37 37 16 30 
34
D: 1935 1057 1553 1384 1806 2179 1303 1395 2067 1668 1600 1870 841 1003 1394 1024 1331 643 1482 27 1778 1378 1066 1086 1461 1764 394 1414 1386 1413 1980 1054 1400 1648 846 1318 0 1268 1374 2157 
P: 22 16 13 14 15 30 16 23 16 29 4 8 20 35 16 14 24 27 15 37 27 20 32 32 32 29 37 14 32 8 33 37 27 3 20 7 37 37 16 30 
35
D: 1935 1057 1553 1384 1806 2179 1303 1395 2067 1668 1600 1870 841 1003 1394 1024 1331 643 1482 27 1778 1378 1066 1086 1461 1764 394 1414 1386 1413 1980 1054 1400 1648 846 1318 0 1268 1374 2157 
P: 22 16 13 14 15 30 16 23 16 29 4 8 20 35 16 14 24 27 15 37 27 20 32 32 32 29 37 14 32 8 33 37 27 3 20 7 37 37 16 30 
36
D: 1935 1057 1553 1384 1806 2179 1303 1395 2067 1668 1600 1870 841 1003 1394 1024 1331 643 1482 27 1778 1378 1066 1086 1461 1764 394 1414 1386 1413 1980 1054 1400 1648 846 1318 0 1268 1374 2157 
P: 22 16 13 14 15 30 16 23 16 29 4 8 20 35 16 14 24 27 15 37 27 20 32 32 32 29 37 14 32 8 33 37 27 3 20 7 37 37 16 30 
37
D: 1935 1057 1553 1384 1806 2179 1303 1395 2067 1668 1600 1870 841 1003 1394 1024 1331 643 1482 27 1778 1378 1066 1086 1461 1764 394 1414 1386 1413 1980 1054 1400 1648 846 1318 0 1268 1374 2157 
P: 22 16 13 14 15 30 16 23 16 29 4 8 20 35 16 14 24 27 15 37 27 20 32 32 32 29 37 14 32 8 33 37 27 3 20 7 37 37 16 30 
38
D: 1935 1057 1553 1384 1806 2075 1303 1395 2067 1668 1600 1870 841 1003 1394 1024 1331 643 1482 27 1778 1378 1066 1086 1461 1764 394 1414 1386 1413 1980 1054 1400 1648 846 1318 0 1268 1374 2157 
P: 22 16 13 14 15 9 16 23 16 29 4 8 20 35 16 14 24 27 15 37 27 20 32 32 32 29 37 14 32 8 33 37 27 3 20 7 37 37 16 30 
39
D: 1935 1057 1553 1384 1806 2075 1303 1395 2067 1668 1600 1870 841 1003 1394 1024 1331 643 1482 27 1778 1378 1066 1086 1461 1764 394 1414 1386 1413 1980 1054 1400 1648 846 1318 0 1268 1374 2157 
P: 22 16 13 14 15 9 16 23 16 29 4 8 20 35 16 14 24 27 15 37 27 20 32 32 32 29 37 14 32 8 33 37 27 3 20 7 37 37 16 30 
